<?xml version="1.0" encoding="UTF-8"?>
<testsuite xmlns:xsi="http://www.w3.org/2001/XMLSchema-instance" xsi:noNamespaceSchemaLocation="https://maven.apache.org/surefire/maven-surefire-plugin/xsd/surefire-test-report.xsd" version="3.0.2" name="br.com.unilab.demo.UnilabApplicationTests" time="19.191" tests="1" errors="0" skipped="0" failures="0">
  <properties>
[...]
</properties>
  <testcase name="contextLoads" classname="br.com.unilab.demo.UnilabApplicationTests" time="1.711">
    <system-out><![CDATA[09:24:16.531 [main] INFO org.springframework.test.context.support.AnnotationConfigContextLoaderUtils -- Could not detect default configuration classes for test class [br.com.unilab.demo.UnilabApplicationTests]: UnilabApplicationTests does not declare any static, non-private, non-final, nested classes annotated with @Configuration.
09:24:16.988 [main] INFO org.springframework.boot.test.context.SpringBootTestContextBootstrapper -- Found @SpringBootConfiguration br.com.unilab.demo.Application for test class br.com.unilab.demo.UnilabApplicationTests
09:24:17.913 [main] INFO org.springframework.boot.devtools.restart.RestartApplicationListener -- Restart disabled due to context in which it is running

  .   ____          _            __ _ _
 /\\ / ___'_ __ _ _(_)_ __  __ _ \ \ \ \
( ( )\___ | '_ | '_| | '_ \/ _` | \ \ \ \
 \\/  ___)| |_)| | | | | || (_| |  ) ) ) )
  '  |____| .__|_| |_|_| |_\__, | / / / /
 =========|_|==============|___/=/_/_/_/

 :: Spring Boot ::                (v3.4.2)

19-06-2025 09:24:19  INFO [main] r.com.unilab.demo.UnilabApplicationTests : Starting UnilabApplicationTests using Java 17.0.2 with PID 21068 (started by morai in C:\Users\morai\OneDrive\Área de Trabalho\unilab_repositorio\unilab_repositorio\projeto_integrador\demo)
19-06-2025 09:24:19  INFO [main] r.com.unilab.demo.UnilabApplicationTests : No active profile set, falling back to 1 default profile: "default"
19-06-2025 09:24:23  INFO [main] y.config.RepositoryConfigurationDelegate : Bootstrapping Spring Data JPA repositories in DEFAULT mode.
19-06-2025 09:24:23  INFO [main] y.config.RepositoryConfigurationDelegate : Finished Spring Data repository scanning in 197 ms. Found 3 JPA repository interfaces.
19-06-2025 09:24:25  INFO [main] rg.hibernate.jpa.internal.util.LogHelper : HHH000204: Processing PersistenceUnitInfo [name: default]
19-06-2025 09:24:25  INFO [main] org.hibernate.Version                    : HHH000412: Hibernate ORM core version 6.6.5.Final
19-06-2025 09:24:25  INFO [main] te.cache.internal.RegionFactoryInitiator : HHH000026: Second-level cache disabled
19-06-2025 09:24:26  INFO [main] com.zaxxer.hikari.HikariDataSource       : HikariPool-1 - Starting...
19-06-2025 09:24:26  INFO [main] com.zaxxer.hikari.pool.HikariPool        : HikariPool-1 - Added connection conn0: url=jdbc:h2:mem:testdb user=SA
19-06-2025 09:24:26  INFO [main] com.zaxxer.hikari.HikariDataSource       : HikariPool-1 - Start completed.
19-06-2025 09:24:27  INFO [main] org.hibernate.orm.connections.pooling    : HHH10001005: Database info:
	Database JDBC URL [Connecting through datasource 'HikariDataSource (HikariPool-1)']
	Database driver: undefined/unknown
	Database version: 2.3.232
	Autocommit mode: undefined/unknown
	Isolation level: undefined/unknown
	Minimum pool size: undefined/unknown
	Maximum pool size: undefined/unknown
19-06-2025 09:24:27  INFO [main] ersistenceunit.SpringPersistenceUnitInfo : No LoadTimeWeaver setup: ignoring JPA class transformer
19-06-2025 09:24:29  INFO [main] a.platform.internal.JtaPlatformInitiator : HHH000489: No JTA platform available (set 'hibernate.transaction.jta.platform' to enable JTA platform integration)
Hibernate: 
    drop table if exists agendamentos cascade 
Hibernate: 
    drop table if exists laboratorios cascade 
Hibernate: 
    drop table if exists professores cascade 
Hibernate: 
    create table agendamentos (
        numero_lab integer,
        id bigint generated by default as identity,
        data_agendamento varchar(255),
        horario varchar(255),
        professor_resp varchar(255),
        primary key (id)
    )
Hibernate: 
    create table laboratorios (
        capacidade_lab integer,
        id bigint generated by default as identity,
        numero_laboratorio bigint not null,
        departamento_laboratorio varchar(255),
        ferramentas_disponiveis varchar(255),
        localizacao_lab varchar(255),
        observacao varchar(255),
        status varchar(255),
        primary key (id)
    )
Hibernate: 
    create table professores (
        id bigint generated by default as identity,
        nome_professor varchar(150) not null,
        email varchar(155) not null,
        departamento_professor varchar(255),
        matricula_professor varchar(255),
        status varchar(255) not null,
        primary key (id)
    )
19-06-2025 09:24:29  INFO [main] a.LocalContainerEntityManagerFactoryBean : Initialized JPA EntityManagerFactory for persistence unit 'default'
19-06-2025 09:24:31  WARN [main] JpaBaseConfiguration$JpaWebConfiguration : spring.jpa.open-in-view is enabled by default. Therefore, database queries may be performed during view rendering. Explicitly configure spring.jpa.open-in-view to disable this warning
19-06-2025 09:24:31  INFO [main] re.web.servlet.WelcomePageHandlerMapping : Adding welcome page template: index
19-06-2025 09:24:32  INFO [main] oconfigure.h2.H2ConsoleAutoConfiguration : H2 console available at '/h2-console'. Database available at 'jdbc:h2:mem:testdb'
19-06-2025 09:24:33  INFO [main] r.com.unilab.demo.UnilabApplicationTests : Started UnilabApplicationTests in 15.376 seconds (process running for 19.564)
]]></system-out>
  </testcase>
</testsuite>